<?xml version="1.0" encoding="UTF-8"?>
<robot generator="Robot 6.0.2 (Python 3.11.2 on win32)" generated="20230219 18:59:15.233" rpa="false" schemaversion="3">
<suite id="s1" name="cancelPurchase" source="c:\Users\Marione\Robot Sem Complicação\cancelPurchase.robot">
<test id="s1-t1" name="chronos Test" line="28">
<kw name="Add item to cart">
<kw name="Open Browser" library="SeleniumLibrary">
<arg>${url}</arg>
<arg>${navegador}</arg>
<doc>Opens a new browser instance to the optional ``url``.</doc>
<msg timestamp="20230219 18:59:15.569" level="INFO">Opening browser 'chrome' to base url 'https://www.demoblaze.com'.</msg>
<status status="PASS" starttime="20230219 18:59:15.568" endtime="20230219 18:59:19.591"/>
</kw>
<kw name="Maximize Browser Window" library="SeleniumLibrary">
<doc>Maximizes current browser window.</doc>
<status status="PASS" starttime="20230219 18:59:19.591" endtime="20230219 18:59:19.718"/>
</kw>
<kw name="Click Link" library="SeleniumLibrary">
<arg>${selectLaptop}</arg>
<doc>Clicks a link identified by ``locator``.</doc>
<msg timestamp="20230219 18:59:19.719" level="INFO">Clicking link 'Laptops'.</msg>
<status status="PASS" starttime="20230219 18:59:19.718" endtime="20230219 18:59:19.843"/>
</kw>
<kw name="Wait Until Element Is Visible" library="SeleniumLibrary">
<arg>link=${MacBookPro}</arg>
<doc>Waits until the element ``locator`` is visible.</doc>
<status status="PASS" starttime="20230219 18:59:19.843" endtime="20230219 18:59:20.765"/>
</kw>
<kw name="Click Link" library="SeleniumLibrary">
<arg>${MacBookPro}</arg>
<doc>Clicks a link identified by ``locator``.</doc>
<msg timestamp="20230219 18:59:20.766" level="INFO">Clicking link 'MacBook Pro'.</msg>
<status status="PASS" starttime="20230219 18:59:20.765" endtime="20230219 18:59:22.640"/>
</kw>
<kw name="Wait Until Element Is Visible" library="SeleniumLibrary">
<arg>xpath=${btnAddCart}</arg>
<doc>Waits until the element ``locator`` is visible.</doc>
<status status="PASS" starttime="20230219 18:59:22.641" endtime="20230219 18:59:23.533"/>
</kw>
<kw name="Click Element" library="SeleniumLibrary">
<arg>xpath=${btnAddCart}</arg>
<doc>Click the element identified by ``locator``.</doc>
<msg timestamp="20230219 18:59:23.534" level="INFO">Clicking element 'xpath=//div[2]//a'.</msg>
<status status="PASS" starttime="20230219 18:59:23.533" endtime="20230219 18:59:23.584"/>
</kw>
<kw name="Alert Should Be Present" library="SeleniumLibrary">
<doc>Verifies that an alert is present and by default, accepts it.</doc>
<msg timestamp="20230219 18:59:23.584" level="INFO">HANDLE::&lt;class 'NoneType'&gt;::None</msg>
<status status="PASS" starttime="20230219 18:59:23.584" endtime="20230219 18:59:24.100"/>
</kw>
<kw name="Click Link" library="SeleniumLibrary">
<arg>${optionCart}</arg>
<doc>Clicks a link identified by ``locator``.</doc>
<msg timestamp="20230219 18:59:24.102" level="INFO">Clicking link 'Cart'.</msg>
<status status="PASS" starttime="20230219 18:59:24.100" endtime="20230219 18:59:24.733"/>
</kw>
<kw name="Wait Until Element Is Visible" library="SeleniumLibrary">
<arg>css=#tbodyid &gt; tr &gt; td:nth-child(4) &gt; a</arg>
<doc>Waits until the element ``locator`` is visible.</doc>
<status status="PASS" starttime="20230219 18:59:24.734" endtime="20230219 18:59:25.634"/>
</kw>
<kw name="Click Link" library="SeleniumLibrary">
<arg>Delete</arg>
<doc>Clicks a link identified by ``locator``.</doc>
<msg timestamp="20230219 18:59:25.635" level="INFO">Clicking link 'Delete'.</msg>
<status status="PASS" starttime="20230219 18:59:25.634" endtime="20230219 18:59:25.720"/>
</kw>
<status status="PASS" starttime="20230219 18:59:15.567" endtime="20230219 18:59:25.720"/>
</kw>
<status status="PASS" starttime="20230219 18:59:15.564" endtime="20230219 18:59:25.721"/>
</test>
<doc>Robot Framework Sem Complicação</doc>
<status status="PASS" starttime="20230219 18:59:15.239" endtime="20230219 18:59:25.723"/>
</suite>
<statistics>
<total>
<stat pass="1" fail="0" skip="0">All Tests</stat>
</total>
<tag>
</tag>
<suite>
<stat pass="1" fail="0" skip="0" id="s1" name="cancelPurchase">cancelPurchase</stat>
</suite>
</statistics>
<errors>
</errors>
</robot>
