<?xml version="1.0" encoding="UTF-8"?>
<robot generator="Robot 6.0.2 (Python 3.11.2 on win32)" generated="20230218 21:44:27.714" rpa="false" schemaversion="3">
<suite id="s1" name="Chronos" source="C:\Users\Marione\Robot Sem Complicação\chronos.robot">
<test id="s1-t1" name="chronos Test" line="13">
<kw name="Open Browser" library="SeleniumLibrary">
<arg>${url}</arg>
<arg>${navegador}</arg>
<doc>Opens a new browser instance to the optional ``url``.</doc>
<msg timestamp="20230218 21:44:27.997" level="INFO">Opening browser 'chrome' to base url 'https://www.demoblaze.com'.</msg>
<status status="PASS" starttime="20230218 21:44:27.996" endtime="20230218 21:44:31.720"/>
</kw>
<kw name="Maximize Browser Window" library="SeleniumLibrary">
<doc>Maximizes current browser window.</doc>
<status status="PASS" starttime="20230218 21:44:31.720" endtime="20230218 21:44:31.847"/>
</kw>
<kw name="Click Link" library="SeleniumLibrary">
<arg>Laptops</arg>
<doc>Clicks a link identified by ``locator``.</doc>
<msg timestamp="20230218 21:44:31.849" level="INFO">Clicking link 'Laptops'.</msg>
<status status="PASS" starttime="20230218 21:44:31.848" endtime="20230218 21:44:31.993"/>
</kw>
<kw name="Click Link" library="SeleniumLibrary">
<arg>MacBook Pro</arg>
<doc>Clicks a link identified by ``locator``.</doc>
<msg timestamp="20230218 21:44:31.994" level="INFO">Clicking link 'MacBook Pro'.</msg>
<msg timestamp="20230218 21:44:32.293" level="INFO" html="true">&lt;/td&gt;&lt;/tr&gt;&lt;tr&gt;&lt;td colspan="3"&gt;&lt;a href="selenium-screenshot-1.png"&gt;&lt;img src="selenium-screenshot-1.png" width="800px"&gt;&lt;/a&gt;</msg>
<msg timestamp="20230218 21:44:32.293" level="FAIL">Link with locator 'MacBook Pro' not found.</msg>
<status status="FAIL" starttime="20230218 21:44:31.994" endtime="20230218 21:44:32.331"/>
</kw>
<status status="FAIL" starttime="20230218 21:44:27.996" endtime="20230218 21:44:32.331">Link with locator 'MacBook Pro' not found.</status>
</test>
<doc>Robot Framework Sem Complicação</doc>
<status status="FAIL" starttime="20230218 21:44:27.716" endtime="20230218 21:44:32.334"/>
</suite>
<statistics>
<total>
<stat pass="0" fail="1" skip="0">All Tests</stat>
</total>
<tag>
</tag>
<suite>
<stat pass="0" fail="1" skip="0" id="s1" name="Chronos">Chronos</stat>
</suite>
</statistics>
<errors>
</errors>
</robot>
